<?xml version="1.0" encoding="utf-8"?><test-results date="2020-09-08" name="TransferClient.Tests" total="5" errors="0" failures="0" ignored="0" not-run="0" inconclusive="0" skipped="0" invalid="0" time="12:57:32"><environment expecto-version="9.0.2.0" clr-version="3.1.7" os-version="Microsoft Windows NT 10.0.14393.0" platform="Win32NT" cwd="C:\Users\***REMOVED***\Desktop\Code\FSharp\fs\Transfer\TransferClient.Tests" machine-name="7Q10822" user="***REMOVED***" user-domain="SNL" /><culture-info>Expecto.TestResults+xAttr@77-1[System.Object]en-AUExpecto.TestResults+xAttr@77-1[System.Object]en-US</culture-info><test-suite type="Assembly" name="TransferClient.Tests" executed="True" result="Success" success="True" time="3.629" asserts="0"><results><test-case name="[ Fmove Tests; Fmove calls Progress more than 10 times]" executed="True" result="Success" success="True" time="2.194" asserts="0" /><test-case name="[ Fmove Tests; Fmove Cancels in under two seconds]" executed="True" result="Success" success="True" time="1.236" asserts="0" /><test-case name="[Job Scheduler Tests; Can edit data in recData ]" executed="True" result="Success" success="True" time="0.113" asserts="0" /><test-case name="[Job Scheduler Tests; Can add job to jobList]" executed="True" result="Success" success="True" time="0.020" asserts="0" /><test-case name="[ Fmove Tests; Fmove Deletes on cancellation ]" executed="True" result="Success" success="True" time="0.006" asserts="0" /></results></test-suite></test-results>